P:\M3D\Jobb\Ljungby Kommun\520_Ekalund exploatering\4_CAD\M\Ritdef\M-16.1-2001.dwg,PLAN,2025-02-13 10:41:51,MariaLazar,AutoCAD PDF (Smallest File).pc3,ISO full bleed A1 (841.00 x 594.00 MM),1:1,
P:\M3D\Jobb\Ljungby Kommun\520_Ekalund exploatering\4_CAD\M\Ritdef\M-16.1-2002.dwg,PLAN,2025-02-13 10:43:56,MariaLazar,AutoCAD PDF (Smallest File).pc3,ISO full bleed A1 (841.00 x 594.00 MM),1:1,
P:\M3D\Jobb\Ljungby Kommun\520_Ekalund exploatering\4_CAD\M\Ritdef\M-16.1-2010.dwg,PLAN,2025-02-13 10:45:22,MariaLazar,AutoCAD PDF (Smallest File).pc3,ISO full bleed A1 (841.00 x 594.00 MM),1:1,
P:\M3D\Jobb\Ljungby Kommun\520_Ekalund exploatering\4_CAD\M\Ritdef\M-16.1-2003.dwg,PLAN,2025-02-13 10:45:56,MariaLazar,AutoCAD PDF (Smallest File).pc3,ISO full bleed A1 (841.00 x 594.00 MM),1:1,
P:\M3D\Jobb\Ljungby Kommun\520_Ekalund exploatering\4_CAD\M\Ritdef\M-16.1-2011.dwg,PLAN,2025-02-13 10:47:09,MariaLazar,AutoCAD PDF (Smallest File).pc3,ISO full bleed A1 (594.00 x 841.00 MM),1:1,
P:\M3D\Jobb\Ljungby Kommun\520_Ekalund exploatering\4_CAD\M\Ritdef\M-16.1-2004.dwg,PLAN,2025-02-13 10:47:47,MariaLazar,AutoCAD PDF (Smallest File).pc3,ISO full bleed A1 (841.00 x 594.00 MM),1:1,
P:\M3D\Jobb\Ljungby Kommun\520_Ekalund exploatering\4_CAD\M\Ritdef\M-16.1-2012.dwg,PLAN,2025-02-13 10:48:35,MariaLazar,AutoCAD PDF (Smallest File).pc3,ISO full bleed A1 (841.00 x 594.00 MM),1:1,
P:\M3D\Jobb\Ljungby Kommun\520_Ekalund exploatering\4_CAD\M\Ritdef\M-16.1-2006.dwg,PLAN,2025-02-13 10:49:24,MariaLazar,AutoCAD PDF (Smallest File).pc3,ISO full bleed A1 (841.00 x 594.00 MM),1:1,
P:\M3D\Jobb\Ljungby Kommun\520_Ekalund exploatering\4_CAD\M\Ritdef\M-16.1-2013.dwg,PLAN,2025-02-13 10:50:09,MariaLazar,AutoCAD PDF (Smallest File).pc3,ISO full bleed A1 (841.00 x 594.00 MM),1:1,
P:\M3D\Jobb\Ljungby Kommun\520_Ekalund exploatering\4_CAD\M\Ritdef\M-16.1-2007.dwg,PLAN,2025-02-13 10:51:18,MariaLazar,AutoCAD PDF (Smallest File).pc3,ISO full bleed A1 (841.00 x 594.00 MM),1:1,
P:\M3D\Jobb\Ljungby Kommun\520_Ekalund exploatering\4_CAD\M\Ritdef\M-16.1-2014.dwg,PLAN,2025-02-13 10:51:55,MariaLazar,AutoCAD PDF (Smallest File).pc3,ISO full bleed A1 (841.00 x 594.00 MM),1:1,
P:\M3D\Jobb\Ljungby Kommun\520_Ekalund exploatering\4_CAD\M\Ritdef\M-16.1-2008.dwg,PLAN,2025-02-13 10:53:05,MariaLazar,AutoCAD PDF (Smallest File).pc3,ISO full bleed A1 (841.00 x 594.00 MM),1:1,
P:\M3D\Jobb\Ljungby Kommun\520_Ekalund exploatering\4_CAD\M\Ritdef\M-16.1-2015.dwg,PLAN,2025-02-13 10:55:07,MariaLazar,AutoCAD PDF (Smallest File).pc3,ISO full bleed A1 (841.00 x 594.00 MM),1:1,
P:\M3D\Jobb\Ljungby Kommun\520_Ekalund exploatering\4_CAD\M\Ritdef\M-16.1-2016.dwg,PLAN,2025-02-13 10:56:53,MariaLazar,AutoCAD PDF (Smallest File).pc3,ISO full bleed A1 (841.00 x 594.00 MM),1:1,
P:\M3D\Jobb\Ljungby Kommun\520_Ekalund exploatering\4_CAD\M\Ritdef\M-16.1-2018.dwg,PLAN,2025-02-13 10:58:14,MariaLazar,AutoCAD PDF (Smallest File).pc3,ISO full bleed A1 (841.00 x 594.00 MM),1:1,
P:\M3D\Jobb\Ljungby Kommun\520_Ekalund exploatering\4_CAD\M\Ritdef\M-16.1-2019.dwg,PLAN,2025-02-13 10:59:26,MariaLazar,AutoCAD PDF (Smallest File).pc3,ISO full bleed A1 (841.00 x 594.00 MM),1:1,
P:\M3D\Jobb\Ljungby Kommun\520_Ekalund exploatering\4_CAD\M\Ritdef\M-16.1-2020.dwg,PLAN,2025-02-13 11:00:52,MariaLazar,AutoCAD PDF (Smallest File).pc3,ISO full bleed A1 (841.00 x 594.00 MM),1:1,
P:\M3D\Jobb\Ljungby Kommun\520_Ekalund exploatering\4_CAD\M\Ritdef\M-16.1-2021.dwg,PLAN,2025-02-13 11:02:14,MariaLazar,AutoCAD PDF (Smallest File).pc3,ISO full bleed A1 (841.00 x 594.00 MM),1:1,
P:\M3D\Jobb\Ljungby Kommun\520_Ekalund exploatering\4_CAD\M\Ritdef\M-16.1-2022.dwg,PLAN,2025-02-13 11:03:36,MariaLazar,AutoCAD PDF (Smallest File).pc3,ISO full bleed A1 (841.00 x 594.00 MM),1:1,
P:\M3D\Jobb\Ljungby Kommun\520_Ekalund exploatering\4_CAD\M\Ritdef\M-16.1-2023.dwg,PLAN,2025-02-13 11:05:00,MariaLazar,AutoCAD PDF (Smallest File).pc3,ISO full bleed A1 (841.00 x 594.00 MM),1:1,
P:\M3D\Jobb\Ljungby Kommun\520_Ekalund exploatering\4_CAD\M\Ritdef\M-16.1-2024.dwg,PLAN,2025-02-13 11:06:15,MariaLazar,AutoCAD PDF (Smallest File).pc3,ISO full bleed A1 (841.00 x 594.00 MM),1:1,
P:\M3D\Jobb\Ljungby Kommun\520_Ekalund exploatering\4_CAD\M\Ritdef\M-16.1-2025.dwg,PLAN,2025-02-13 11:07:54,MariaLazar,AutoCAD PDF (Smallest File).pc3,ISO full bleed A1 (841.00 x 594.00 MM),1:1,
P:\M3D\Jobb\Ljungby Kommun\520_Ekalund exploatering\4_CAD\M\Ritdef\M-16.1-2026.dwg,PLAN,2025-02-13 11:09:21,MariaLazar,AutoCAD PDF (Smallest File).pc3,ISO full bleed A1 (841.00 x 594.00 MM),1:1,
P:\M3D\Jobb\Ljungby Kommun\520_Ekalund exploatering\4_CAD\M\Ritdef\M-16.1-2027.dwg,PLAN,2025-02-13 11:10:33,MariaLazar,AutoCAD PDF (Smallest File).pc3,ISO full bleed A1 (841.00 x 594.00 MM),1:1,
P:\M3D\Jobb\Ljungby Kommun\520_Ekalund exploatering\4_CAD\M\Ritdef\M-16.1-2028.dwg,PLAN,2025-02-13 11:11:53,MariaLazar,AutoCAD PDF (Smallest File).pc3,ISO full bleed A1 (841.00 x 594.00 MM),1:1,
P:\M3D\Jobb\Ljungby Kommun\520_Ekalund exploatering\4_CAD\M\Ritdef\M-11.2-2012.dwg,PLAN,2025-02-13 11:16:38,MariaLazar,AutoCAD PDF (Smallest File).pc3,ISO full bleed A1 (841.00 x 594.00 MM),1:1,
P:\M3D\Jobb\Ljungby Kommun\520_Ekalund exploatering\4_CAD\M\Ritdef\M-11.2-2013.dwg,PLAN,2025-02-13 11:16:58,MariaLazar,AutoCAD PDF (Smallest File).pc3,ISO A1 (841.00 x 594.00 MM),1:1,
P:\M3D\Jobb\Ljungby Kommun\520_Ekalund exploatering\4_CAD\M\Ritdef\M-11.2-2021.dwg,PLAN,2025-02-13 11:17:12,MariaLazar,AutoCAD PDF (Smallest File).pc3,ISO full bleed A1 (841.00 x 594.00 MM),1:1,
P:\M3D\Jobb\Ljungby Kommun\520_Ekalund exploatering\4_CAD\M\Ritdef\M-11.2-2051.dwg,PLAN,2025-02-13 11:19:21,MariaLazar,AutoCAD PDF (Smallest File).pc3,ISO A1 (841.00 x 594.00 MM),1:1,
P:\M3D\Jobb\Ljungby Kommun\520_Ekalund exploatering\4_CAD\M\Ritdef\M-11.2-2061.dwg,PLAN,2025-02-13 11:19:42,MariaLazar,AutoCAD PDF (Smallest File).pc3,ISO A1 (841.00 x 594.00 MM),1:1,
P:\M3D\Jobb\Ljungby Kommun\520_Ekalund exploatering\4_CAD\M\Ritdef\M-11.2-2062.dwg,PLAN,2025-02-13 11:19:58,MariaLazar,AutoCAD PDF (Smallest File).pc3,ISO full bleed A1 (841.00 x 594.00 MM),1:1,
P:\M3D\Jobb\Ljungby Kommun\520_Ekalund exploatering\4_CAD\M\Ritdef\M-11.2-2031.dwg,PLAN,2025-02-13 11:20:30,MariaLazar,AutoCAD PDF (Smallest File).pc3,ISO A1 (841.00 x 594.00 MM),1:1,
P:\M3D\Jobb\Ljungby Kommun\520_Ekalund exploatering\4_CAD\R\Ritdef\R-51.2-1001.dwg,PLAN,2025-02-13 11:25:45,MariaLazar,AutoCAD PDF (Smallest File).pc3,ISO A1 (841.00 x 594.00 MM),1:1,
P:\M3D\Jobb\Ljungby Kommun\520_Ekalund exploatering\4_CAD\R\Ritdef\R-51.2-1002.dwg,PLAN,2025-02-13 11:29:54,MariaLazar,AutoCAD PDF (Smallest File).pc3,ISO A1 (841.00 x 594.00 MM),1:1,
P:\M3D\Jobb\Ljungby Kommun\520_Ekalund exploatering\4_CAD\R\Ritdef\R-51.2-1003.dwg,PLAN,2025-02-13 11:33:13,MariaLazar,AutoCAD PDF (Smallest File).pc3,ISO A1 (841.00 x 594.00 MM),1:1,
P:\M3D\Jobb\Ljungby Kommun\520_Ekalund exploatering\4_CAD\R\Ritdef\R-51.2-1004.dwg,PLAN,2025-02-13 11:35:33,MariaLazar,AutoCAD PDF (Smallest File).pc3,ISO A1 (841.00 x 594.00 MM),1:1,
P:\M3D\Jobb\Ljungby Kommun\520_Ekalund exploatering\4_CAD\R\Ritdef\R-51.2-1005.dwg,PLAN,2025-02-13 11:37:01,MariaLazar,AutoCAD PDF (Smallest File).pc3,ISO A1 (841.00 x 594.00 MM),1:1,
P:\M3D\Jobb\Ljungby Kommun\520_Ekalund exploatering\4_CAD\R\Ritdef\R-51.2-1006.dwg,PLAN,2025-02-13 11:38:12,MariaLazar,AutoCAD PDF (Smallest File).pc3,ISO A1 (841.00 x 594.00 MM),1:1,
P:\M3D\Jobb\Ljungby Kommun\520_Ekalund exploatering\4_CAD\R\Ritdef\R-51.2-1007.dwg,PLAN,2025-02-13 11:40:34,MariaLazar,AutoCAD PDF (Smallest File).pc3,ISO A1 (841.00 x 594.00 MM),1:1,
P:\M3D\Jobb\Ljungby Kommun\520_Ekalund exploatering\4_CAD\R\Ritdef\R-51.2-1011.dwg,PLAN,2025-02-13 11:41:36,MariaLazar,AutoCAD PDF (Smallest File).pc3,ISO A1 (841.00 x 594.00 MM),1:1,
P:\M3D\Jobb\Ljungby Kommun\520_Ekalund exploatering\4_CAD\R\Ritdef\R-51.2-1012.dwg,PLAN,2025-02-13 11:42:48,MariaLazar,AutoCAD PDF (Smallest File).pc3,ISO A1 (841.00 x 594.00 MM),1:1,
P:\M3D\Jobb\Ljungby Kommun\520_Ekalund exploatering\4_CAD\R\Ritdef\R-51.2-1008.dwg,PLAN,2025-02-13 11:43:54,MariaLazar,AutoCAD PDF (Smallest File).pc3,ISO A1 (841.00 x 594.00 MM),1:1,
P:\M3D\Jobb\Ljungby Kommun\520_Ekalund exploatering\4_CAD\R\Ritdef\R-51.2-1009.dwg,PLAN,2025-02-13 11:46:21,MariaLazar,AutoCAD PDF (Smallest File).pc3,ISO A1 (841.00 x 594.00 MM),1:1,
P:\M3D\Jobb\Ljungby Kommun\520_Ekalund exploatering\4_CAD\R\Ritdef\R-51.2-1010.dwg,PLAN,2025-02-13 11:47:50,MariaLazar,AutoCAD PDF (Smallest File).pc3,ISO A1 (841.00 x 594.00 MM),1:1,
P:\M3D\Jobb\Ljungby Kommun\520_Ekalund exploatering\4_CAD\R\Ritdef\R-51.2-1013.dwg,PLAN,2025-02-13 11:50:53,MariaLazar,AutoCAD PDF (Smallest File).pc3,ISO A1 (841.00 x 594.00 MM),1:1,
P:\M3D\Jobb\Ljungby Kommun\520_Ekalund exploatering\4_CAD\R\Ritdef\R-51.2-1014.dwg,PLAN,2025-02-13 11:54:18,MariaLazar,AutoCAD PDF (Smallest File).pc3,ISO A1 (841.00 x 594.00 MM),1:1,
P:\M3D\Jobb\Ljungby Kommun\520_Ekalund exploatering\4_CAD\R\Ritdef\R-51.2-1015.dwg,PLAN,2025-02-13 12:00:55,MariaLazar,AutoCAD PDF (Smallest File).pc3,ISO A1 (841.00 x 594.00 MM),1:1,
P:\M3D\Jobb\Ljungby Kommun\520_Ekalund exploatering\4_CAD\R\Ritdef\R-51.2-1016.dwg,PLAN,2025-02-13 12:02:13,MariaLazar,AutoCAD PDF (Smallest File).pc3,ISO A1 (841.00 x 594.00 MM),1:1,
P:\M3D\Jobb\Ljungby Kommun\520_Ekalund exploatering\4_CAD\R\Ritdef\R-51.2-1017.dwg,PLAN,2025-02-13 12:03:26,MariaLazar,AutoCAD PDF (Smallest File).pc3,ISO A1 (841.00 x 594.00 MM),1:1,
P:\M3D\Jobb\Ljungby Kommun\520_Ekalund exploatering\4_CAD\R\Ritdef\R-51.2-1018.dwg,PLAN,2025-02-13 12:04:56,MariaLazar,AutoCAD PDF (Smallest File).pc3,ISO A1 (841.00 x 594.00 MM),1:1,
P:\M3D\Jobb\Ljungby Kommun\520_Ekalund exploatering\4_CAD\R\Ritdef\R-51.2-1019.dwg,PLAN,2025-02-13 12:07:01,MariaLazar,AutoCAD PDF (Smallest File).pc3,ISO A1 (841.00 x 594.00 MM),1:1,
P:\M3D\Jobb\Ljungby Kommun\520_Ekalund exploatering\4_CAD\R\Ritdef\R-51.2-1020.dwg,PLAN,2025-02-13 12:08:19,MariaLazar,AutoCAD PDF (Smallest File).pc3,ISO A1 (841.00 x 594.00 MM),1:1,
P:\M3D\Jobb\Ljungby Kommun\520_Ekalund exploatering\4_CAD\R\Ritdef\R-51.2-1022.dwg,PLAN,2025-02-13 12:12:48,MariaLazar,AutoCAD PDF (Smallest File).pc3,ISO A1 (841.00 x 594.00 MM),1:1,
P:\M3D\Jobb\Ljungby Kommun\520_Ekalund exploatering\4_CAD\R\Ritdef\R-51.2-1023.dwg,PLAN,2025-02-13 13:03:48,MariaLazar,AutoCAD PDF (Smallest File).pc3,ISO A1 (841.00 x 594.00 MM),1:1,
P:\M3D\Jobb\Ljungby Kommun\520_Ekalund exploatering\4_CAD\R\Ritdef\R-51.2-1030.dwg,PLAN,2025-02-13 13:04:34,MariaLazar,AutoCAD PDF (Smallest File).pc3,ISO A1 (841.00 x 594.00 MM),1:1,
P:\M3D\Jobb\Ljungby Kommun\520_Ekalund exploatering\4_CAD\R\Ritdef\R-51.2-1024.dwg,PLAN,2025-02-13 13:05:09,MariaLazar,AutoCAD PDF (Smallest File).pc3,ISO A1 (841.00 x 594.00 MM),1:1,
P:\M3D\Jobb\Ljungby Kommun\520_Ekalund exploatering\4_CAD\R\Ritdef\R-51.2-1031.dwg,PLAN,2025-02-13 13:06:25,MariaLazar,AutoCAD PDF (Smallest File).pc3,ISO A1 (841.00 x 594.00 MM),1:1,
P:\M3D\Jobb\Ljungby Kommun\520_Ekalund exploatering\4_CAD\R\Ritdef\R-51.2-1025.dwg,PLAN,2025-02-13 13:06:48,MariaLazar,AutoCAD PDF (Smallest File).pc3,ISO A1 (841.00 x 594.00 MM),1:1,
P:\M3D\Jobb\Ljungby Kommun\520_Ekalund exploatering\4_CAD\R\Ritdef\R-51.2-1026.dwg,PLAN,2025-02-13 13:08:24,MariaLazar,AutoCAD PDF (Smallest File).pc3,ISO A1 (841.00 x 594.00 MM),1:1,
P:\M3D\Jobb\Ljungby Kommun\520_Ekalund exploatering\4_CAD\R\Ritdef\R-51.2-1027.dwg,PLAN,2025-02-13 13:09:55,MariaLazar,AutoCAD PDF (Smallest File).pc3,ISO A1 (841.00 x 594.00 MM),1:1,
P:\M3D\Jobb\Ljungby Kommun\520_Ekalund exploatering\4_CAD\R\Ritdef\R-51.2-1028.dwg,PLAN,2025-02-13 13:11:58,MariaLazar,AutoCAD PDF (Smallest File).pc3,ISO A1 (841.00 x 594.00 MM),1:1,
P:\M3D\Jobb\Ljungby Kommun\520_Ekalund exploatering\4_CAD\R\Ritdef\R-51.2-1029.dwg,PLAN,2025-02-13 13:13:17,MariaLazar,AutoCAD PDF (Smallest File).pc3,ISO A1 (841.00 x 594.00 MM),1:1,
P:\M3D\Jobb\Ljungby Kommun\520_Ekalund exploatering\4_CAD\R\Ritdef\R-51.2-1032.dwg,PLAN,2025-02-13 13:15:55,MariaLazar,AutoCAD PDF (Smallest File).pc3,ISO A1 (841.00 x 594.00 MM),1:1,
P:\M3D\Jobb\Ljungby Kommun\520_Ekalund exploatering\4_CAD\R\Ritdef\R-51.2-2001.dwg,PLAN,2025-02-13 13:17:12,MariaLazar,AutoCAD PDF (Smallest File).pc3,ISO A1 (841.00 x 594.00 MM),1:1,
P:\M3D\Jobb\Ljungby Kommun\520_Ekalund exploatering\4_CAD\R\Ritdef\R-51.2-2002.dwg,PLAN,2025-02-13 13:18:17,MariaLazar,AutoCAD PDF (Smallest File).pc3,ISO A1 (841.00 x 594.00 MM),1:1,
P:\M3D\Jobb\Ljungby Kommun\520_Ekalund exploatering\4_CAD\R\Ritdef\R-51.2-2003.dwg,PLAN,2025-02-13 13:18:59,MariaLazar,AutoCAD PDF (Smallest File).pc3,ISO A1 (841.00 x 594.00 MM),1:1,
P:\M3D\Jobb\Ljungby Kommun\520_Ekalund exploatering\4_CAD\R\Ritdef\R-51.2-2004.dwg,PLAN,2025-02-13 13:19:36,MariaLazar,AutoCAD PDF (Smallest File).pc3,ISO A1 (841.00 x 594.00 MM),1:1,
P:\M3D\Jobb\Ljungby Kommun\520_Ekalund exploatering\4_CAD\R\Ritdef\R-51.2-2005.dwg,PLAN,2025-02-13 13:20:19,MariaLazar,AutoCAD PDF (Smallest File).pc3,ISO A1 (841.00 x 594.00 MM),1:1,
P:\M3D\Jobb\Ljungby Kommun\520_Ekalund exploatering\4_CAD\R\Ritdef\R-51.2-2006.dwg,PLAN,2025-02-13 13:21:23,MariaLazar,AutoCAD PDF (Smallest File).pc3,ISO A1 (841.00 x 594.00 MM),1:1,
P:\M3D\Jobb\Ljungby Kommun\520_Ekalund exploatering\4_CAD\M\Ritdef\KALKYL_20220902.dwg,PLAN,2025-02-13 13:25:36,MariaLazar,DWG To PDF.pc3,ISO A1 (594.00 x 841.00 MM),1:1,
P:\M3D\Jobb\Ljungby Kommun\520_Ekalund exploatering\4_CAD\M\Ritdef\M-10.1-0000.dwg,PLAN,2025-02-13 13:29:06,MariaLazar,AutoCAD PDF (Smallest File).pc3,ISO full bleed A1 (841.00 x 594.00 MM),1:1,
P:\M3D\Jobb\Ljungby Kommun\520_Ekalund exploatering\4_CAD\M\Ritdef\M-10.1-00.dwg,PLAN,2025-02-13 13:31:03,MariaLazar,AutoCAD PDF (Smallest File).pc3,ISO A1 (841.00 x 594.00 MM),1:1,
P:\M3D\Jobb\Ljungby Kommun\520_Ekalund exploatering\4_CAD\M\Ritdef\M-10.1-0001.dwg,PLAN,2025-02-13 13:31:39,MariaLazar,AutoCAD PDF (Smallest File).pc3,ISO full bleed A1 (841.00 x 594.00 MM),1:1,
P:\M3D\Jobb\Ljungby Kommun\520_Ekalund exploatering\4_CAD\M\Ritdef\M-10.1-2004.dwg,PLAN,2025-02-13 13:31:22,MariaLazar,AutoCAD PDF (Smallest File).pc3,ISO full bleed A1 (841.00 x 594.00 MM),1:1,
P:\M3D\Jobb\Ljungby Kommun\520_Ekalund exploatering\4_CAD\M\Ritdef\M-10.1-2006.dwg,PLAN,2025-02-13 13:33:58,MariaLazar,AutoCAD PDF (Smallest File).pc3,ISO full bleed A1 (841.00 x 594.00 MM),1:1,
P:\M3D\Jobb\Ljungby Kommun\520_Ekalund exploatering\4_CAD\M\Ritdef\M-10.1-2001.dwg,PLAN,2025-02-13 13:34:16,MariaLazar,AutoCAD PDF (Smallest File).pc3,ISO full bleed A1 (841.00 x 594.00 MM),1:1,
P:\M3D\Jobb\Ljungby Kommun\520_Ekalund exploatering\4_CAD\M\Ritdef\M-10.1-2007.dwg,PLAN,2025-02-13 13:35:53,MariaLazar,AutoCAD PDF (Smallest File).pc3,ISO full bleed A1 (841.00 x 594.00 MM),1:1,
P:\M3D\Jobb\Ljungby Kommun\520_Ekalund exploatering\4_CAD\M\Ritdef\M-10.1-2002.dwg,PLAN,2025-02-13 13:36:25,MariaLazar,AutoCAD PDF (Smallest File).pc3,ISO full bleed A1 (841.00 x 594.00 MM),1:1,
P:\M3D\Jobb\Ljungby Kommun\520_Ekalund exploatering\4_CAD\M\Ritdef\M-10.1-0001.dwg,PLAN,2025-02-13 13:55:34,MariaLazar,AutoCAD PDF (Smallest File).pc3,ISO full bleed A1 (841.00 x 594.00 MM),1:1,
P:\M3D\Jobb\Ljungby Kommun\520_Ekalund exploatering\4_CAD\M\Ritdef\M-10.1-2001.dwg,PLAN,2025-02-13 13:56:36,MariaLazar,AutoCAD PDF (Smallest File).pc3,ISO full bleed A1 (841.00 x 594.00 MM),1:1,
P:\M3D\Jobb\Ljungby Kommun\520_Ekalund exploatering\4_CAD\M\Ritdef\M-10.1-2002.dwg,PLAN,2025-02-13 13:59:19,MariaLazar,AutoCAD PDF (Smallest File).pc3,ISO full bleed A1 (841.00 x 594.00 MM),1:1,
P:\M3D\Jobb\Ljungby Kommun\520_Ekalund exploatering\4_CAD\M\Ritdef\M-10.1-2003.dwg,PLAN,2025-02-13 14:02:18,MariaLazar,AutoCAD PDF (Smallest File).pc3,ISO full bleed A1 (841.00 x 594.00 MM),1:1,
P:\M3D\Jobb\Ljungby Kommun\520_Ekalund exploatering\4_CAD\M\Ritdef\M-10.1-2004.dwg,PLAN,2025-02-13 14:03:42,MariaLazar,AutoCAD PDF (Smallest File).pc3,ISO full bleed A1 (841.00 x 594.00 MM),1:1,
P:\M3D\Jobb\Ljungby Kommun\520_Ekalund exploatering\4_CAD\M\Ritdef\M-10.1-2009.dwg,PLAN,2025-02-13 14:04:15,MariaLazar,AutoCAD PDF (Smallest File).pc3,ISO full bleed A1 (841.00 x 594.00 MM),1:1,
P:\M3D\Jobb\Ljungby Kommun\520_Ekalund exploatering\4_CAD\M\Ritdef\M-10.1-2006.dwg,PLAN,2025-02-13 14:05:33,MariaLazar,AutoCAD PDF (Smallest File).pc3,ISO full bleed A1 (841.00 x 594.00 MM),1:1,
P:\M3D\Jobb\Ljungby Kommun\520_Ekalund exploatering\4_CAD\M\Ritdef\M-10.1-2010.dwg,PLAN,2025-02-13 14:06:02,MariaLazar,AutoCAD PDF (Smallest File).pc3,ISO full bleed A1 (841.00 x 594.00 MM),1:1,
P:\M3D\Jobb\Ljungby Kommun\520_Ekalund exploatering\4_CAD\M\Ritdef\M-10.1-2007.dwg,PLAN,2025-02-13 14:07:01,MariaLazar,AutoCAD PDF (Smallest File).pc3,ISO full bleed A1 (841.00 x 594.00 MM),1:1,
P:\M3D\Jobb\Ljungby Kommun\520_Ekalund exploatering\4_CAD\M\Ritdef\M-10.1-2011.dwg,PLAN,2025-02-13 14:07:39,MariaLazar,AutoCAD PDF (Smallest File).pc3,ISO full bleed A1 (841.00 x 594.00 MM),1:1,
P:\M3D\Jobb\Ljungby Kommun\520_Ekalund exploatering\4_CAD\M\Ritdef\M-10.1-2012.dwg,PLAN,2025-02-13 14:08:40,MariaLazar,AutoCAD PDF (Smallest File).pc3,ISO full bleed A1 (841.00 x 594.00 MM),1:1,
P:\M3D\Jobb\Ljungby Kommun\520_Ekalund exploatering\4_CAD\M\Ritdef\M-10.1-2013.dwg,PLAN,2025-02-13 14:10:19,MariaLazar,AutoCAD PDF (Smallest File).pc3,ISO full bleed A1 (841.00 x 594.00 MM),1:1,
P:\M3D\Jobb\Ljungby Kommun\520_Ekalund exploatering\4_CAD\M\Ritdef\M-10.1-2015.dwg,PLAN,2025-02-13 14:10:36,MariaLazar,AutoCAD PDF (Smallest File).pc3,ISO full bleed A1 (841.00 x 594.00 MM),1:1,
P:\M3D\Jobb\Ljungby Kommun\520_Ekalund exploatering\4_CAD\M\Ritdef\M-10.1-2014.dwg,PLAN,2025-02-13 14:12:06,MariaLazar,AutoCAD PDF (Smallest File).pc3,ISO full bleed A1 (841.00 x 594.00 MM),1:1,
P:\M3D\Jobb\Ljungby Kommun\520_Ekalund exploatering\4_CAD\M\Ritdef\M-10.1-2021.dwg,PLAN,2025-02-13 14:16:48,MariaLazar,AutoCAD PDF (Smallest File).pc3,ISO full bleed A1 (841.00 x 594.00 MM),1:1,
P:\M3D\Jobb\Ljungby Kommun\520_Ekalund exploatering\4_CAD\M\Ritdef\M-10.1-2016.dwg,PLAN,2025-02-13 14:17:08,MariaLazar,AutoCAD PDF (Smallest File).pc3,ISO full bleed A1 (841.00 x 594.00 MM),1:1,
P:\M3D\Jobb\Ljungby Kommun\520_Ekalund exploatering\4_CAD\M\Ritdef\M-10.1-2022.dwg,PLAN,2025-02-13 14:19:08,MariaLazar,AutoCAD PDF (Smallest File).pc3,ISO full bleed A1 (841.00 x 594.00 MM),1:1,
P:\M3D\Jobb\Ljungby Kommun\520_Ekalund exploatering\4_CAD\M\Ritdef\M-10.1-2017.dwg,PLAN,2025-02-13 14:19:22,MariaLazar,AutoCAD PDF (Smallest File).pc3,ISO full bleed A1 (841.00 x 594.00 MM),1:1,
P:\M3D\Jobb\Ljungby Kommun\520_Ekalund exploatering\4_CAD\M\Ritdef\M-10.1-2023.dwg,PLAN,2025-02-13 14:24:03,MariaLazar,AutoCAD PDF (Smallest File).pc3,ISO full bleed A1 (841.00 x 594.00 MM),1:1,
P:\M3D\Jobb\Ljungby Kommun\520_Ekalund exploatering\4_CAD\M\Ritdef\M-10.1-2018.dwg,PLAN,2025-02-13 14:24:41,MariaLazar,AutoCAD PDF (Smallest File).pc3,ISO full bleed A1 (841.00 x 594.00 MM),1:1,
P:\M3D\Jobb\Ljungby Kommun\520_Ekalund exploatering\4_CAD\M\Ritdef\M-10.1-2019.dwg,PLAN,2025-02-13 14:26:15,MariaLazar,AutoCAD PDF (Smallest File).pc3,ISO full bleed A1 (841.00 x 594.00 MM),1:1,
P:\M3D\Jobb\Ljungby Kommun\520_Ekalund exploatering\4_CAD\M\Ritdef\M-10.1-2024.dwg,PLAN,2025-02-13 14:26:28,MariaLazar,AutoCAD PDF (Smallest File).pc3,ISO full bleed A1 (841.00 x 594.00 MM),1:1,
P:\M3D\Jobb\Ljungby Kommun\520_Ekalund exploatering\4_CAD\M\Ritdef\M-10.1-2020.dwg,PLAN,2025-02-13 14:28:45,MariaLazar,AutoCAD PDF (Smallest File).pc3,ISO full bleed A1 (841.00 x 594.00 MM),1:1,
P:\M3D\Jobb\Ljungby Kommun\520_Ekalund exploatering\4_CAD\M\Ritdef\M-10.1-2025.dwg,PLAN,2025-02-13 14:29:33,MariaLazar,AutoCAD PDF (Smallest File).pc3,ISO full bleed A1 (841.00 x 594.00 MM),1:1,
P:\M3D\Jobb\Ljungby Kommun\520_Ekalund exploatering\4_CAD\M\Ritdef\M-10.2-2001.dwg,PLAN,2025-02-13 14:34:33,MariaLazar,AutoCAD PDF (Smallest File).pc3,ISO full bleed A1 (594.00 x 841.00 MM),1:1,
P:\M3D\Jobb\Ljungby Kommun\520_Ekalund exploatering\4_CAD\M\Ritdef\M-10.2-2004.dwg,PLAN,2025-02-13 14:34:48,MariaLazar,AutoCAD PDF (Smallest File).pc3,ISO full bleed A1 (841.00 x 594.00 MM),1:1,
P:\M3D\Jobb\Ljungby Kommun\520_Ekalund exploatering\4_CAD\M\Ritdef\M-10.2-2002.dwg,PLAN,2025-02-13 14:35:40,MariaLazar,AutoCAD PDF (Smallest File).pc3,ISO full bleed A1 (841.00 x 594.00 MM),1:1,
P:\M3D\Jobb\Ljungby Kommun\520_Ekalund exploatering\4_CAD\M\Ritdef\M-10.1-2027.dwg,PLAN,2025-02-13 14:35:22,MariaLazar,AutoCAD PDF (Smallest File).pc3,ISO full bleed A1 (841.00 x 594.00 MM),1:1,
P:\M3D\Jobb\Ljungby Kommun\520_Ekalund exploatering\4_CAD\M\Ritdef\M-10.1-2028.dwg,PLAN,2025-02-13 14:37:57,MariaLazar,AutoCAD PDF (Smallest File).pc3,ISO full bleed A1 (841.00 x 594.00 MM),1:1,
P:\M3D\Jobb\Ljungby Kommun\520_Ekalund exploatering\4_CAD\M\Ritdef\M-10.2-2003.dwg,PLAN,2025-02-13 14:39:04,MariaLazar,AutoCAD PDF (Smallest File).pc3,ISO full bleed A1 (841.00 x 594.00 MM),1:1,
P:\M3D\Jobb\Ljungby Kommun\520_Ekalund exploatering\4_CAD\M\Ritdef\M-10.2-2004.dwg,PLAN,2025-02-13 14:40:23,MariaLazar,AutoCAD PDF (Smallest File).pc3,ISO full bleed A1 (841.00 x 594.00 MM),1:1,
P:\M3D\Jobb\Ljungby Kommun\520_Ekalund exploatering\4_CAD\M\Ritdef\M-10.2-2005.dwg,PLAN,2025-02-13 14:41:11,MariaLazar,AutoCAD PDF (Smallest File).pc3,ISO full bleed A1 (841.00 x 594.00 MM),1:1,
P:\M3D\Jobb\Ljungby Kommun\520_Ekalund exploatering\4_CAD\M\Ritdef\M-10.2-2005.dwg,PLAN,2025-02-13 14:41:52,MariaLazar,AutoCAD PDF (Smallest File).pc3,ISO full bleed A1 (841.00 x 594.00 MM),1:1,
P:\M3D\Jobb\Ljungby Kommun\520_Ekalund exploatering\4_CAD\M\Ritdef\M-10.6-2001.dwg,PLAN,2025-02-13 14:42:14,MariaLazar,AutoCAD PDF (Smallest File).pc3,ISO full bleed A1 (841.00 x 594.00 MM),1:1,
P:\M3D\Jobb\Ljungby Kommun\520_Ekalund exploatering\4_CAD\M\Ritdef\M-11.2-2013.dwg,PLAN,2025-02-13 14:44:40,MariaLazar,AutoCAD PDF (Smallest File).pc3,ISO A1 (841.00 x 594.00 MM),1:1,
P:\M3D\Jobb\Ljungby Kommun\520_Ekalund exploatering\4_CAD\M\Ritdef\M-10.6-2002.dwg,PLAN,2025-02-13 14:44:09,MariaLazar,AutoCAD PDF (Smallest File).pc3,ISO full bleed A1 (841.00 x 594.00 MM),1:1,
P:\M3D\Jobb\Ljungby Kommun\520_Ekalund exploatering\4_CAD\R\Ritdef\R-51.1-0000.dwg,PLAN,2025-02-13 14:57:16,MariaLazar,AutoCAD PDF (Smallest File).pc3,ISO A1 (841.00 x 594.00 MM),1:1,
P:\M3D\Jobb\Ljungby Kommun\520_Ekalund exploatering\4_CAD\R\Ritdef\R-51.1-2004.dwg,PLAN,2025-02-13 14:58:10,MariaLazar,AutoCAD PDF (Smallest File).pc3,ISO full bleed A1 (594.00 x 841.00 MM),1:1,
P:\M3D\Jobb\Ljungby Kommun\520_Ekalund exploatering\4_CAD\R\Ritdef\R-51.1-2009.dwg,PLAN,2025-02-13 14:58:33,MariaLazar,AutoCAD PDF (Smallest File).pc3,ISO full bleed A1 (594.00 x 841.00 MM),1:1,
P:\M3D\Jobb\Ljungby Kommun\520_Ekalund exploatering\4_CAD\R\Ritdef\R-51.1-2001.dwg,PLAN,2025-02-13 14:58:56,MariaLazar,AutoCAD PDF (Smallest File).pc3,ISO full bleed A1 (594.00 x 841.00 MM),1:1,
P:\M3D\Jobb\Ljungby Kommun\520_Ekalund exploatering\4_CAD\R\Ritdef\R-51.1-2002.dwg,PLAN,2025-02-13 15:02:18,MariaLazar,AutoCAD PDF (Smallest File).pc3,ISO full bleed A1 (594.00 x 841.00 MM),1:1,
P:\M3D\Jobb\Ljungby Kommun\520_Ekalund exploatering\4_CAD\R\Ritdef\R-51.1-2006.dwg,PLAN,2025-02-13 15:02:36,MariaLazar,AutoCAD PDF (Smallest File).pc3,ISO full bleed A1 (594.00 x 841.00 MM),1:1,
P:\M3D\Jobb\Ljungby Kommun\520_Ekalund exploatering\4_CAD\R\Ritdef\R-51.1-2010.dwg,PLAN,2025-02-13 15:02:53,MariaLazar,AutoCAD PDF (Smallest File).pc3,ISO full bleed A1 (594.00 x 841.00 MM),1:1,
P:\M3D\Jobb\Ljungby Kommun\520_Ekalund exploatering\4_CAD\R\Ritdef\R-51.1-2003.dwg,PLAN,2025-02-13 15:07:17,MariaLazar,AutoCAD PDF (Smallest File).pc3,ISO full bleed A1 (594.00 x 841.00 MM),1:1,
P:\M3D\Jobb\Ljungby Kommun\520_Ekalund exploatering\4_CAD\R\Ritdef\R-51.1-2007.dwg,PLAN,2025-02-13 15:07:38,MariaLazar,AutoCAD PDF (Smallest File).pc3,ISO full bleed A1 (594.00 x 841.00 MM),1:1,
P:\M3D\Jobb\Ljungby Kommun\520_Ekalund exploatering\4_CAD\R\Ritdef\R-51.1-2011.dwg,PLAN,2025-02-13 15:08:14,MariaLazar,AutoCAD PDF (Smallest File).pc3,ISO full bleed A1 (594.00 x 841.00 MM),1:1,
P:\M3D\Jobb\Ljungby Kommun\520_Ekalund exploatering\4_CAD\R\Ritdef\R-51.1-2012.dwg,PLAN,2025-02-13 15:11:42,MariaLazar,AutoCAD PDF (Smallest File).pc3,ISO full bleed A1 (594.00 x 841.00 MM),1:1,
P:\M3D\Jobb\Ljungby Kommun\520_Ekalund exploatering\4_CAD\R\Ritdef\R-51.1-2008.dwg,PLAN,2025-02-13 15:12:47,MariaLazar,AutoCAD PDF (Smallest File).pc3,ISO full bleed A1 (594.00 x 841.00 MM),1:1,
P:\M3D\Jobb\Ljungby Kommun\520_Ekalund exploatering\4_CAD\R\Ritdef\R-51.1-2018.dwg,PLAN,2025-02-13 15:13:21,MariaLazar,AutoCAD PDF (Smallest File).pc3,ISO full bleed A1 (594.00 x 841.00 MM),1:1,
P:\M3D\Jobb\Ljungby Kommun\520_Ekalund exploatering\4_CAD\R\Ritdef\R-51.1-2013.dwg,PLAN,2025-02-13 15:13:49,MariaLazar,AutoCAD PDF (Smallest File).pc3,ISO full bleed A1 (594.00 x 841.00 MM),1:1,
P:\M3D\Jobb\Ljungby Kommun\520_Ekalund exploatering\4_CAD\R\Ritdef\R-51.1-2014.dwg,PLAN,2025-02-13 15:15:34,MariaLazar,AutoCAD PDF (Smallest File).pc3,ISO full bleed A1 (594.00 x 841.00 MM),1:1,
P:\M3D\Jobb\Ljungby Kommun\520_Ekalund exploatering\4_CAD\R\Ritdef\R-51.1-2015.dwg,PLAN,2025-02-13 15:15:45,MariaLazar,AutoCAD PDF (Smallest File).pc3,ISO full bleed A1 (594.00 x 841.00 MM),1:1,
P:\M3D\Jobb\Ljungby Kommun\520_Ekalund exploatering\4_CAD\R\Ritdef\R-51.1-2019.dwg,PLAN,2025-02-13 15:15:57,MariaLazar,AutoCAD PDF (Smallest File).pc3,ISO full bleed A1 (594.00 x 841.00 MM),1:1,
P:\M3D\Jobb\Ljungby Kommun\520_Ekalund exploatering\4_CAD\R\Ritdef\R-51.1-2021.dwg,PLAN,2025-02-13 15:18:21,MariaLazar,AutoCAD PDF (Smallest File).pc3,ISO full bleed A1 (594.00 x 841.00 MM),1:1,
P:\M3D\Jobb\Ljungby Kommun\520_Ekalund exploatering\4_CAD\R\Ritdef\R-51.1-2016.dwg,PLAN,2025-02-13 15:19:00,MariaLazar,AutoCAD PDF (Smallest File).pc3,ISO full bleed A1 (594.00 x 841.00 MM),1:1,
P:\M3D\Jobb\Ljungby Kommun\520_Ekalund exploatering\4_CAD\R\Ritdef\R-51.1-2020.dwg,PLAN,2025-02-13 15:19:40,MariaLazar,AutoCAD PDF (Smallest File).pc3,ISO full bleed A1 (594.00 x 841.00 MM),1:1,
P:\M3D\Jobb\Ljungby Kommun\520_Ekalund exploatering\4_CAD\R\Ritdef\R-51.1-2022.dwg,PLAN,2025-02-13 15:20:26,MariaLazar,AutoCAD PDF (Smallest File).pc3,ISO full bleed A1 (594.00 x 841.00 MM),1:1,
P:\M3D\Jobb\Ljungby Kommun\520_Ekalund exploatering\4_CAD\R\Ritdef\R-51.1-2017.dwg,PLAN,2025-02-13 15:21:19,MariaLazar,AutoCAD PDF (Smallest File).pc3,ISO full bleed A1 (594.00 x 841.00 MM),1:1,
P:\M3D\Jobb\Ljungby Kommun\520_Ekalund exploatering\4_CAD\R\Ritdef\R-51.1-2023.dwg,PLAN,2025-02-13 15:22:05,MariaLazar,AutoCAD PDF (Smallest File).pc3,ISO full bleed A1 (594.00 x 841.00 MM),1:1,
P:\M3D\Jobb\Ljungby Kommun\520_Ekalund exploatering\4_CAD\R\Ritdef\R-51.1-2023.dwg,PLAN,2025-02-13 15:23:44,MariaLazar,AutoCAD PDF (Smallest File).pc3,ISO full bleed A1 (594.00 x 841.00 MM),1:1,
P:\M3D\Jobb\Ljungby Kommun\520_Ekalund exploatering\4_CAD\R\Ritdef\R-51.1-2025.dwg,PLAN,2025-02-13 15:24:31,MariaLazar,AutoCAD PDF (Smallest File).pc3,ISO full bleed A1 (594.00 x 841.00 MM),1:1,
P:\M3D\Jobb\Ljungby Kommun\520_Ekalund exploatering\4_CAD\R\Ritdef\R-51.1-2024.dwg,PLAN,2025-02-13 15:25:39,MariaLazar,AutoCAD PDF (Smallest File).pc3,ISO full bleed A1 (594.00 x 841.00 MM),1:1,
P:\M3D\Jobb\Ljungby Kommun\520_Ekalund exploatering\4_CAD\R\Ritdef\R-51.1-2026.dwg,PLAN,2025-02-13 15:26:34,MariaLazar,AutoCAD PDF (Smallest File).pc3,ISO full bleed A1 (594.00 x 841.00 MM),1:1,
P:\M3D\Jobb\Ljungby Kommun\520_Ekalund exploatering\4_CAD\R\Ritdef\R-51.1-2027.dwg,PLAN,2025-02-13 15:29:40,MariaLazar,AutoCAD PDF (Smallest File).pc3,ISO full bleed A1 (594.00 x 841.00 MM),1:1,
P:\M3D\Jobb\Ljungby Kommun\520_Ekalund exploatering\4_CAD\R\Ritdef\R-51.1-2028.dwg,PLAN,2025-02-13 15:31:09,MariaLazar,AutoCAD PDF (Smallest File).pc3,ISO full bleed A1 (594.00 x 841.00 MM),1:1,
P:\M3D\Jobb\Ljungby Kommun\520_Ekalund exploatering\4_CAD\M\Ritdef\M-10.1-2007.dwg,PLAN,2025-02-13 15:33:34,MariaLazar,AutoCAD PDF (Smallest File).pc3,ISO full bleed A1 (841.00 x 594.00 MM),1:1,
P:\M3D\Jobb\Ljungby Kommun\520_Ekalund exploatering\4_CAD\R\Ritdef\R-51.1-0000.dwg,PLAN,2025-02-13 15:43:42,MariaLazar,AutoCAD PDF (Smallest File).pc3,ISO A1 (841.00 x 594.00 MM),1:1,
P:\M3D\Jobb\Ljungby Kommun\520_Ekalund exploatering\4_CAD\R\Ritdef\R-51.2-2001.dwg,PLAN,2025-02-13 15:45:56,ClaesStegemann,AutoCAD PDF (Smallest File).pc3,ISO A1 (841.00 x 594.00 MM),1:1,
P:\M3D\Jobb\Ljungby Kommun\520_Ekalund exploatering\4_CAD\R\Ritdef\R-51.2-2002.dwg,PLAN,2025-02-13 15:47:17,ClaesStegemann,AutoCAD PDF (Smallest File).pc3,ISO A1 (841.00 x 594.00 MM),1:1,
P:\M3D\Jobb\Ljungby Kommun\520_Ekalund exploatering\4_CAD\R\Ritdef\R-51.2-2003.dwg,PLAN,2025-02-13 15:48:43,ClaesStegemann,AutoCAD PDF (Smallest File).pc3,ISO A1 (841.00 x 594.00 MM),1:1,
P:\M3D\Jobb\Ljungby Kommun\520_Ekalund exploatering\4_CAD\R\Ritdef\R-51.2-2003.dwg,PLAN,2025-02-13 15:50:47,ClaesStegemann,AutoCAD PDF (Smallest File).pc3,ISO A1 (841.00 x 594.00 MM),1:1,
P:\M3D\Jobb\Ljungby Kommun\520_Ekalund exploatering\4_CAD\R\Ritdef\R-51.2-2003.dwg,PLAN,2025-02-13 15:53:43,ClaesStegemann,AutoCAD PDF (Smallest File).pc3,ISO A1 (841.00 x 594.00 MM),1:1,
P:\M3D\Jobb\Ljungby Kommun\520_Ekalund exploatering\4_CAD\R\Ritdef\R-51.2-2004.dwg,PLAN,2025-02-13 15:57:18,ClaesStegemann,AutoCAD PDF (Smallest File).pc3,ISO A1 (841.00 x 594.00 MM),1:1,
P:\M3D\Jobb\Ljungby Kommun\520_Ekalund exploatering\4_CAD\R\Ritdef\R-51.2-2001.dwg,PLAN,2025-02-13 16:07:16,ClaesStegemann,AutoCAD PDF (Smallest File).pc3,ISO A1 (841.00 x 594.00 MM),1:1,
P:\M3D\Jobb\Ljungby Kommun\520_Ekalund exploatering\4_CAD\R\Ritdef\R-51.1-2020.dwg,PLAN,2025-02-13 16:26:28,ClaesStegemann,AutoCAD PDF (Smallest File).pc3,ISO full bleed A1 (594.00 x 841.00 MM),1:1,
P:\M3D\Jobb\Ljungby Kommun\520_Ekalund exploatering\4_CAD\R\Ritdef\R-51.1-2020.dwg,PLAN,2025-02-13 16:29:07,ClaesStegemann,AutoCAD PDF (Smallest File).pc3,ISO full bleed A1 (594.00 x 841.00 MM),1:1,
P:\M3D\Jobb\Ljungheden\993 FSK Älvdansen\4_CAD\M\Ritdef\M-16.2-01.dwg,1-50,2025-02-13 16:32:26,MariaLazar,AutoCAD PDF (Smallest File).pc3,ISO full bleed A1 (594.00 x 841.00 MM),1:1,
P:\M3D\Jobb\Ljungby Kommun\520_Ekalund exploatering\4_CAD\M\Ritdef\M-16.1-2026.dwg,PLAN,2025-02-13 16:42:42,GustavRosengren,AutoCAD PDF (Smallest File).pc3,ISO full bleed A1 (841.00 x 594.00 MM),1:1,
P:\M3D\Jobb\Ljungby Kommun\520_Ekalund exploatering\4_CAD\M\Ritdef\M-16.1-2012.dwg,PLAN,2025-02-13 16:46:41,GustavRosengren,AutoCAD PDF (Smallest File).pc3,ISO full bleed A1 (841.00 x 594.00 MM),1:1,
P:\M3D\Jobb\Ljungby Kommun\520_Ekalund exploatering\4_CAD\M\Ritdef\M-16.1-2013.dwg,PLAN,2025-02-13 16:52:08,GustavRosengren,AutoCAD PDF (Smallest File).pc3,ISO full bleed A1 (841.00 x 594.00 MM),1:1,
P:\M3D\Jobb\Ljungby Kommun\520_Ekalund exploatering\4_CAD\R\Ritdef\R-51.1-2016.dwg,PLAN,2025-02-13 16:53:20,MariaLazar,AutoCAD PDF (Smallest File).pc3,ISO full bleed A1 (594.00 x 841.00 MM),1:1,
P:\M3D\Jobb\Ljungby Kommun\520_Ekalund exploatering\4_CAD\M\Ritdef\M-16.1-2014.dwg,PLAN,2025-02-13 16:55:16,GustavRosengren,AutoCAD PDF (Smallest File).pc3,ISO full bleed A1 (841.00 x 594.00 MM),1:1,
P:\M3D\Jobb\Ljungby Kommun\520_Ekalund exploatering\4_CAD\R\Ritdef\R-51.1-2025.dwg,PLAN,2025-02-13 16:59:16,MariaLazar,AutoCAD PDF (Smallest File).pc3,ISO full bleed A1 (594.00 x 841.00 MM),1:1,
P:\M3D\Jobb\Ljungby Kommun\520_Ekalund exploatering\4_CAD\M\Ritdef\M-16.1-2017.dwg,PLAN,2025-02-13 17:01:32,GustavRosengren,AutoCAD PDF (Smallest File).pc3,ISO full bleed A1 (841.00 x 594.00 MM),1:1,
P:\M3D\Jobb\Ljungby Kommun\520_Ekalund exploatering\4_CAD\R\Ritdef\R-51.1-2019.dwg,PLAN,2025-02-13 17:03:51,MariaLazar,AutoCAD PDF (Smallest File).pc3,ISO full bleed A1 (594.00 x 841.00 MM),1:1,
P:\M3D\Jobb\Ljungby Kommun\520_Ekalund exploatering\4_CAD\M\Ritdef\M-16.1-2018.dwg,PLAN,2025-02-13 17:04:59,GustavRosengren,AutoCAD PDF (Smallest File).pc3,ISO full bleed A1 (841.00 x 594.00 MM),1:1,
P:\M3D\Jobb\Ljungby Kommun\520_Ekalund exploatering\4_CAD\R\Ritdef\R-51.1-2020.dwg,PLAN,2025-02-13 17:06:39,MariaLazar,AutoCAD PDF (Smallest File).pc3,ISO full bleed A1 (594.00 x 841.00 MM),1:1,
P:\M3D\Jobb\Ljungby Kommun\520_Ekalund exploatering\4_CAD\M\Ritdef\M-16.1-2020.dwg,PLAN,2025-02-13 17:10:26,GustavRosengren,AutoCAD PDF (Smallest File).pc3,ISO full bleed A1 (841.00 x 594.00 MM),1:1,
P:\M3D\Jobb\Ljungby Kommun\520_Ekalund exploatering\4_CAD\M\Ritdef\M-16.1-2025.dwg,PLAN,2025-02-13 17:15:21,GustavRosengren,AutoCAD PDF (Smallest File).pc3,ISO full bleed A1 (841.00 x 594.00 MM),1:1,
P:\M3D\Jobb\Ljungby Kommun\520_Ekalund exploatering\4_CAD\R\Ritdef\R-51.2-1019.dwg,PLAN,2025-02-13 17:25:57,MariaLazar,AutoCAD PDF (Smallest File).pc3,ISO A1 (841.00 x 594.00 MM),1:1,
P:\M3D\Jobb\Ljungby Kommun\520_Ekalund exploatering\4_CAD\M\Ritdef\M-16.1-2022.dwg,PLAN,2025-02-13 17:24:19,GustavRosengren,AutoCAD PDF (Smallest File).pc3,ISO full bleed A1 (841.00 x 594.00 MM),1:1,
P:\M3D\Jobb\Ljungby Kommun\520_Ekalund exploatering\4_CAD\M\Ritdef\M-10.1-0001.dwg,PLAN,2025-02-13 17:28:29,GustavRosengren,AutoCAD PDF (Smallest File).pc3,ISO full bleed A1 (841.00 x 594.00 MM),1:1,
P:\M3D\Jobb\Ljungby Kommun\520_Ekalund exploatering\4_CAD\M\Ritdef\M-10.1-2002.dwg,PLAN,2025-02-13 17:36:35,GustavRosengren,AutoCAD PDF (Smallest File).pc3,ISO full bleed A1 (841.00 x 594.00 MM),1:1,
P:\M3D\Jobb\Ljungby Kommun\520_Ekalund exploatering\4_CAD\R\Ritdef\R-51.2-1009.dwg,PLAN,2025-02-13 17:40:39,MariaLazar,AutoCAD PDF (Smallest File).pc3,ISO A1 (841.00 x 594.00 MM),1:1,
P:\M3D\Jobb\Ljungby Kommun\520_Ekalund exploatering\4_CAD\M\Ritdef\M-10.1-2010.dwg,PLAN,2025-02-13 17:44:51,GustavRosengren,AutoCAD PDF (Smallest File).pc3,ISO full bleed A1 (841.00 x 594.00 MM),1:1,
P:\M3D\Jobb\Ljungby Kommun\520_Ekalund exploatering\4_CAD\M\Ritdef\M-10.1-2012.dwg,PLAN,2025-02-13 17:49:30,GustavRosengren,AutoCAD PDF (Smallest File).pc3,ISO full bleed A1 (841.00 x 594.00 MM),1:1,
P:\M3D\Jobb\Ljungby Kommun\520_Ekalund exploatering\4_CAD\M\Ritdef\M-10.1-2020.dwg,PLAN,2025-02-13 17:57:50,GustavRosengren,AutoCAD PDF (Smallest File).pc3,ISO full bleed A1 (841.00 x 594.00 MM),1:1,
P:\M3D\Jobb\Ljungby Kommun\520_Ekalund exploatering\4_CAD\M\Ritdef\M-10.1-2019.dwg,PLAN,2025-02-13 18:01:23,GustavRosengren,AutoCAD PDF (Smallest File).pc3,ISO full bleed A1 (841.00 x 594.00 MM),1:1,
P:\M3D\Jobb\Ljungby Kommun\520_Ekalund exploatering\4_CAD\M\Ritdef\M-10.1-2018.dwg,PLAN,2025-02-13 18:05:39,GustavRosengren,AutoCAD PDF (Smallest File).pc3,ISO full bleed A1 (841.00 x 594.00 MM),1:1,
P:\M3D\Jobb\Ljungby Kommun\520_Ekalund exploatering\4_CAD\M\Ritdef\M-10.2-2004.dwg,PLAN,2025-02-13 18:16:52,GustavRosengren,AutoCAD PDF (Smallest File).pc3,ISO full bleed A1 (841.00 x 594.00 MM),1:1,
P:\M3D\Jobb\Ljungby Kommun\520_Ekalund exploatering\4_CAD\M\Ritdef\M-10.2-2003.dwg,PLAN,2025-02-13 18:17:15,GustavRosengren,AutoCAD PDF (Smallest File).pc3,ISO full bleed A1 (841.00 x 594.00 MM),1:1,
P:\M3D\Jobb\Ljungby Kommun\520_Ekalund exploatering\4_CAD\M\Ritdef\M-10.2-2002.dwg,PLAN,2025-02-13 18:17:40,GustavRosengren,AutoCAD PDF (Smallest File).pc3,ISO full bleed A1 (841.00 x 594.00 MM),1:1,
P:\M3D\Jobb\Ljungby Kommun\520_Ekalund exploatering\4_CAD\M\Ritdef\M-10.2-2001.dwg,PLAN,2025-02-13 18:18:20,GustavRosengren,AutoCAD PDF (Smallest File).pc3,ISO full bleed A1 (594.00 x 841.00 MM),1:1,
P:\M3D\Jobb\Ljungby Kommun\520_Ekalund exploatering\4_CAD\M\Ritdef\M-10.6-2002.dwg,PLAN,2025-02-13 18:22:13,GustavRosengren,AutoCAD PDF (Smallest File).pc3,ISO full bleed A1 (841.00 x 594.00 MM),1:1,
P:\M3D\Jobb\Ljungby Kommun\520_Ekalund exploatering\4_CAD\R\Ritdef\R-51.2-1015.dwg,PLAN,2025-02-13 19:02:23,ClaesStegemann,AutoCAD PDF (Smallest File).pc3,ISO A1 (841.00 x 594.00 MM),1:1,
P:\M3D\Jobb\Ljungby Kommun\520_Ekalund exploatering\4_CAD\R\Ritdef\R-51.2-1009.dwg,PLAN,2025-02-13 19:07:49,ClaesStegemann,AutoCAD PDF (Smallest File).pc3,ISO A1 (841.00 x 594.00 MM),1:1,
P:\M3D\Jobb\Ljungby Kommun\520_Ekalund exploatering\4_CAD\R\Ritdef\R-51.2-1014.dwg,PLAN,2025-02-13 19:09:49,ClaesStegemann,AutoCAD PDF (Smallest File).pc3,ISO A1 (841.00 x 594.00 MM),1:1,
P:\M3D\Jobb\Ljungby Kommun\520_Ekalund exploatering\4_CAD\R\Ritdef\R-51.2-1014.dwg,PLAN,2025-02-13 19:11:29,ClaesStegemann,AutoCAD PDF (Smallest File).pc3,ISO A1 (841.00 x 594.00 MM),1:1,
P:\M3D\Jobb\Ljungby Kommun\520_Ekalund exploatering\4_CAD\R\Ritdef\R-51.2-1015.dwg,PLAN,2025-02-13 19:13:19,ClaesStegemann,AutoCAD PDF (Smallest File).pc3,ISO A1 (841.00 x 594.00 MM),1:1,
P:\M3D\Jobb\Ljungby Kommun\520_Ekalund exploatering\4_CAD\R\Ritdef\R-51.2-1026.dwg,PLAN,2025-02-13 19:15:51,ClaesStegemann,AutoCAD PDF (Smallest File).pc3,ISO A1 (841.00 x 594.00 MM),1:1,
